<?xml version="1.0" encoding="UTF-8"?>
<!-- Generated by org.testng.reporters.JUnitReportReporter -->
<testsuite hostname="DESKTOP-5VR39KC" failures="0" tests="1" name="Cucumber.TestNGTestRunner" time="14.158" errors="0" timestamp="2025-10-24T22:55:00 IST" skipped="0">
  <testcase classname="Cucumber.TestNGTestRunner" name="runScenario" time="14.158"/>
</testsuite> <!-- Cucumber.TestNGTestRunner -->
